<?xml version="1.0" encoding="UTF-8"?>
<testsuite name="InMemoryTransactionManagerTest" tests="4" skipped="0" failures="0" errors="0" timestamp="2019-11-15T09:54:43" hostname="jakub-Inspiron-5379" time="0.012">
  <properties/>
  <testcase name="when create pay into transaction then history has pay into transaction()" classname="InMemoryTransactionManagerTest" time="0.001"/>
  <testcase name="when create transfer from transaction then history has transfer from transaction()" classname="InMemoryTransactionManagerTest" time="0.0"/>
  <testcase name="when create transfer in transaction then history has transfer in transaction()" classname="InMemoryTransactionManagerTest" time="0.0"/>
  <testcase name="when create withdraw transaction then history has withdraw transaction()" classname="InMemoryTransactionManagerTest" time="0.0"/>
  <system-out><![CDATA[]]></system-out>
  <system-err><![CDATA[]]></system-err>
</testsuite>
